<?xml version="1.0" encoding="UTF-8"?>
<!-- Generated by org.testng.reporters.JUnitReportReporter -->
<testsuite hostname="Shubham" failures="0" tests="3" name="TestCases._1_LoginPageTestCase" time="0.476" errors="0" timestamp="2024-10-14T13:21:17 IST" skipped="2">
  <testcase classname="TestCases._1_LoginPageTestCase" name="verifyUserLoginTest" time="0.476"/>
  <system-out>
    <![CDATA[After user login the URL is :- https://www.saucedemo.com/inventory.html]]>
  </system-out>
  <testcase classname="TestCases._1_LoginPageTestCase" name="verifyURLTest">
    <skipped/>
  </testcase> <!-- verifyURLTest -->
  <system-out/>
  <testcase classname="TestCases._1_LoginPageTestCase" name="verfiyTitleTest">
    <skipped/>
  </testcase> <!-- verfiyTitleTest -->
  <system-out/>
</testsuite> <!-- TestCases._1_LoginPageTestCase -->
