<?xml version="1.0" encoding="UTF-8"?>
<!-- Generated by org.testng.reporters.JUnitReportReporter -->
<testsuite hostname="Shubham" failures="0" tests="6" name="TestCases._6_CheckoutCompletePageTest" time="0.204" errors="0" timestamp="2024-10-14T16:00:55 IST" skipped="0">
  <testcase classname="TestCases._6_CheckoutCompletePageTest" name="verifyOrderSummaryTextLabelTest" time="0.026"/>
  <system-out>
    <![CDATA[Order summary shown in webpage is:- Your order has been dispatched, and will arrive just as fast as the pony can get there!]]>
  </system-out>
  <testcase classname="TestCases._6_CheckoutCompletePageTest" name="verifyOrderCompletePageURLTest" time="0.012"/>
  <system-out>
    <![CDATA[Order complete page URL is:- https://www.saucedemo.com/checkout-complete.html]]>
  </system-out>
  <testcase classname="TestCases._6_CheckoutCompletePageTest" name="verifySuccessLogoTest" time="0.031"/>
  <system-out>
    <![CDATA[logo shown in webpage is:- true]]>
  </system-out>
  <testcase classname="TestCases._6_CheckoutCompletePageTest" name="verifyBackToHomeButtonTest" time="0.061"/>
  <system-out>
    <![CDATA[Back to Home button shown in the webpage:- true]]>
  </system-out>
  <testcase classname="TestCases._6_CheckoutCompletePageTest" name="verifyOrderCompleteLabelTest" time="0.036"/>
  <system-out>
    <![CDATA[Checkout Lable shown in webpage is:- Checkout: Complete!]]>
  </system-out>
  <testcase classname="TestCases._6_CheckoutCompletePageTest" name="verifyGreatingTextLabelTest" time="0.038"/>
  <system-out>
    <![CDATA[Greating shown in webpage is:- Thank you for your order!]]>
  </system-out>
</testsuite> <!-- TestCases._6_CheckoutCompletePageTest -->
