<?xml version="1.0" encoding="UTF-8"?>
<!-- Generated by org.testng.reporters.JUnitReportReporter -->
<testsuite hostname="Shubham" failures="0" tests="3" name="TestCases._4_CheckoutPageTestCase" time="0.322" errors="0" timestamp="2024-10-14T14:29:01 IST" skipped="2">
  <testcase classname="TestCases._4_CheckoutPageTestCase" name="verfiyAddCheckOutDetailsTest" time="0.322"/>
  <system-out>
    <![CDATA[After clicking on continue button next page URL is:- https://www.saucedemo.com/checkout-step-two.html]]>
  </system-out>
  <testcase classname="TestCases._4_CheckoutPageTestCase" name="verifyCheckOutPageURLTest">
    <skipped/>
  </testcase> <!-- verifyCheckOutPageURLTest -->
  <system-out/>
  <testcase classname="TestCases._4_CheckoutPageTestCase" name="verifyCheckOutPageTitleTest">
    <skipped/>
  </testcase> <!-- verifyCheckOutPageTitleTest -->
  <system-out/>
</testsuite> <!-- TestCases._4_CheckoutPageTestCase -->
