<?xml version="1.0" encoding="UTF-8"?>
<!-- Generated by org.testng.reporters.JUnitReportReporter -->
<testsuite hostname="Shubham" failures="0" tests="8" name="TestCases._5_CheckoutPageOverviewPageTestCase" time="0.081" errors="0" timestamp="2024-10-14T15:28:24 IST" skipped="7">
  <testcase classname="TestCases._5_CheckoutPageOverviewPageTestCase" name="verifyClickFinishButton" time="0.081"/>
  <system-out>
    <![CDATA[Cancel Button lable shown in webpage:- https://www.saucedemo.com/checkout-complete.html]]>
  </system-out>
  <testcase classname="TestCases._5_CheckoutPageOverviewPageTestCase" name="verifycancleButtonTest">
    <skipped/>
  </testcase> <!-- verifycancleButtonTest -->
  <system-out/>
  <testcase classname="TestCases._5_CheckoutPageOverviewPageTestCase" name="verfiyPaymentLableTextTest">
    <skipped/>
  </testcase> <!-- verfiyPaymentLableTextTest -->
  <system-out/>
  <testcase classname="TestCases._5_CheckoutPageOverviewPageTestCase" name="verifyQtyLableTextTest">
    <skipped/>
  </testcase> <!-- verifyQtyLableTextTest -->
  <system-out/>
  <testcase classname="TestCases._5_CheckoutPageOverviewPageTestCase" name="verifyOverviewPageTitleTextTest">
    <skipped/>
  </testcase> <!-- verifyOverviewPageTitleTextTest -->
  <system-out/>
  <testcase classname="TestCases._5_CheckoutPageOverviewPageTestCase" name="verifyDescriptionLableTextTest">
    <skipped/>
  </testcase> <!-- verifyDescriptionLableTextTest -->
  <system-out/>
  <testcase classname="TestCases._5_CheckoutPageOverviewPageTestCase" name="verfiyShopingInformationLableTextTest">
    <skipped/>
  </testcase> <!-- verfiyShopingInformationLableTextTest -->
  <system-out/>
  <testcase classname="TestCases._5_CheckoutPageOverviewPageTestCase" name="verfiyPriceTotalLableTextTest">
    <skipped/>
  </testcase> <!-- verfiyPriceTotalLableTextTest -->
  <system-out/>
</testsuite> <!-- TestCases._5_CheckoutPageOverviewPageTestCase -->
