<?xml version="1.0" encoding="UTF-8"?>
<!-- Generated by org.testng.reporters.JUnitReportReporter -->
<testsuite hostname="Shubham" failures="0" tests="2" name="TestCases._3_CartPageTestCase" time="0.083" errors="0" timestamp="2024-10-14T13:51:05 IST" skipped="0">
  <testcase classname="TestCases._3_CartPageTestCase" name="verifyCartPageTitleTest" time="0.064"/>
  <system-out>
    <![CDATA[Title showing into webpage is:- Your Cart]]>
  </system-out>
  <testcase classname="TestCases._3_CartPageTestCase" name="verifyCartPageURLTest" time="0.019"/>
  <system-out>
    <![CDATA[After adding the product into cart and clicking on cart button showing current page URL:-https://www.saucedemo.com/cart.html]]>
  </system-out>
</testsuite> <!-- TestCases._3_CartPageTestCase -->
