<?xml version="1.0" encoding="UTF-8"?>
<!-- Generated by org.testng.reporters.JUnitReportReporter -->
<testsuite hostname="Shubham" failures="0" tests="5" name="TestCases._1_LoginPageTestCase" time="11.450" errors="0" timestamp="2024-10-16T09:43:07 IST" skipped="0">
  <testcase classname="TestCases._1_LoginPageTestCase" name="verifyURLTest" time="1.923"/>
  <system-out>
    <![CDATA[Original URL is :- https://www.saucedemo.com/]]>
  </system-out>
  <testcase classname="TestCases._1_LoginPageTestCase" name="verifyURLTest" time="1.992"/>
  <system-out>
    <![CDATA[Original URL is :- https://www.saucedemo.com/]]>
  </system-out>
  <testcase classname="TestCases._1_LoginPageTestCase" name="verifyURLTest" time="3.196"/>
  <system-out>
    <![CDATA[Original URL is :- https://www.saucedemo.com/]]>
  </system-out>
  <testcase classname="TestCases._1_LoginPageTestCase" name="verfiyTitleTest" time="2.289"/>
  <system-out>
    <![CDATA[Original title shown in  :- Swag Labs]]>
  </system-out>
  <testcase classname="TestCases._1_LoginPageTestCase" name="verifyUserLoginTest" time="2.050"/>
  <system-out>
    <![CDATA[After user login the URL is :- https://www.saucedemo.com/inventory.html]]>
  </system-out>
</testsuite> <!-- TestCases._1_LoginPageTestCase -->
