<?xml version="1.0" encoding="UTF-8"?>
<!-- Generated by org.testng.reporters.JUnitReportReporter -->
<testsuite hostname="Shubham" failures="0" tests="1" name="TestCases._8_LogoutPageTestCase" time="9.270" errors="0" timestamp="2024-10-14T23:50:17 IST" skipped="0">
  <testcase classname="TestCases._8_LogoutPageTestCase" name="verifyUserLogoutTest" time="9.270"/>
  <system-out>
    <![CDATA[After logging out URL is:- https://www.saucedemo.com/]]>
  </system-out>
</testsuite> <!-- TestCases._8_LogoutPageTestCase -->
